Build started 4/26/2012 12:55:50 AM.
Project "C:\Documents and Settings\Administrator\My Documents\Visual Studio 2010\Projects\M232csum\M232csum\M232csum.vcxproj" on node 2 (build target(s)).
InitializeBuildStatus:
  Creating "Debug\M232csum.unsuccessfulbuild" because "AlwaysCreate" was specified.
ClCompile:
  C:\Program Files\Microsoft Visual Studio 10.0\VC\bin\CL.exe /c /ZI /nologo /W3 /WX- /Od /Oy- /D WIN32 /D _DEBUG /D _WINDOWS /D _USRDLL /D M232CSUM_EXPORTS /D _WINDLL /D _UNICODE /D UNICODE /Gm /EHsc /RTC1 /MDd /GS /fp:precise /Zc:wchar_t /Zc:forScope /Fo"Debug\\" /Fd"Debug\vc100.pdb" /Gd /TP /analyze- /errorReport:prompt TPM232Plugin.cpp
  TPM232Plugin.cpp
ManifestResourceCompile:
  All outputs are up-to-date.
Link:
  C:\Program Files\Microsoft Visual Studio 10.0\VC\bin\link.exe /ERRORREPORT:PROMPT /OUT:"C:\Documents and Settings\Administrator\My Documents\Visual Studio 2010\Projects\M232csum\Debug\M232csum.dll" /INCREMENTAL /NOLOGO rpcrt4.lib kernel32.lib user32.lib gdi32.lib winspool.lib comdlg32.lib advapi32.lib shell32.lib ole32.lib oleaut32.lib uuid.lib odbc32.lib odbccp32.lib kernel32.lib user32.lib gdi32.lib winspool.lib comdlg32.lib advapi32.lib shell32.lib ole32.lib oleaut32.lib uuid.lib odbc32.lib odbccp32.lib /MANIFEST /ManifestFile:"Debug\M232csum.dll.intermediate.manifest" /MANIFESTUAC:"level='asInvoker' uiAccess='false'" /DEBUG /PDB:"C:\Documents and Settings\Administrator\My Documents\Visual Studio 2010\Projects\M232csum\Debug\M232csum.pdb" /SUBSYSTEM:WINDOWS /TLBID:1 /DYNAMICBASE /NXCOMPAT /IMPLIB:"C:\Documents and Settings\Administrator\My Documents\Visual Studio 2010\Projects\M232csum\Debug\M232csum.lib" /MACHINE:X86 /DLL Debug\M232csum.dll.embed.manifest.res
  Debug\dllmain.obj
  Debug\stdafx.obj
  Debug\TPM232Plugin.obj
     Creating library C:\Documents and Settings\Administrator\My Documents\Visual Studio 2010\Projects\M232csum\Debug\M232csum.lib and object C:\Documents and Settings\Administrator\My Documents\Visual Studio 2010\Projects\M232csum\Debug\M232csum.exp
Manifest:
  C:\Program Files\Microsoft SDKs\Windows\v7.0A\bin\mt.exe /nologo /verbose /out:"Debug\M232csum.dll.embed.manifest" /manifest Debug\M232csum.dll.intermediate.manifest
  All outputs are up-to-date.
LinkEmbedManifest:
  All outputs are up-to-date.
  M232csum.vcxproj -> C:\Documents and Settings\Administrator\My Documents\Visual Studio 2010\Projects\M232csum\Debug\M232csum.dll
FinalizeBuildStatus:
  Deleting file "Debug\M232csum.unsuccessfulbuild".
  Touching "Debug\M232csum.lastbuildstate".
Done Building Project "C:\Documents and Settings\Administrator\My Documents\Visual Studio 2010\Projects\M232csum\M232csum\M232csum.vcxproj" (build target(s)).

Build succeeded.

Time Elapsed 00:00:02.12
