C:\DOCUMENTS AND SETTINGS\ADMINISTRATOR\MY DOCUMENTS\VISUAL STUDIO 2010\PROJECTS\WINLOGM232FASTDIAG\RELEASE\WINLOGM232FASTDIAG.DLL
C:\Documents and Settings\Administrator\My Documents\Visual Studio 2010\Projects\WinlogM232FastDiag\Release\WinlogM232FastDiag.exp
C:\Documents and Settings\Administrator\My Documents\Visual Studio 2010\Projects\WinlogM232FastDiag\Release\WinlogM232FastDiag.lib
C:\DOCUMENTS AND SETTINGS\ADMINISTRATOR\MY DOCUMENTS\VISUAL STUDIO 2010\PROJECTS\WINLOGM232FASTDIAG\RELEASE\WINLOGM232FASTDIAG.PDB
C:\Documents and Settings\Administrator\My Documents\Visual Studio 2010\Projects\WinlogM232FastDiag\WinlogM232FastDiag\Release\cl.command.1.tlog
C:\Documents and Settings\Administrator\My Documents\Visual Studio 2010\Projects\WinlogM232FastDiag\WinlogM232FastDiag\Release\CL.read.1.tlog
C:\Documents and Settings\Administrator\My Documents\Visual Studio 2010\Projects\WinlogM232FastDiag\WinlogM232FastDiag\Release\CL.write.1.tlog
C:\DOCUMENTS AND SETTINGS\ADMINISTRATOR\MY DOCUMENTS\VISUAL STUDIO 2010\PROJECTS\WINLOGM232FASTDIAG\WINLOGM232FASTDIAG\RELEASE\COMPORTDRIVER.OBJ
C:\Documents and Settings\Administrator\My Documents\Visual Studio 2010\Projects\WinlogM232FastDiag\WinlogM232FastDiag\Release\link.command.1.tlog
C:\Documents and Settings\Administrator\My Documents\Visual Studio 2010\Projects\WinlogM232FastDiag\WinlogM232FastDiag\Release\link.read.1.tlog
C:\Documents and Settings\Administrator\My Documents\Visual Studio 2010\Projects\WinlogM232FastDiag\WinlogM232FastDiag\Release\link.write.1.tlog
C:\Documents and Settings\Administrator\My Documents\Visual Studio 2010\Projects\WinlogM232FastDiag\WinlogM232FastDiag\Release\link-cvtres.read.1.tlog
C:\Documents and Settings\Administrator\My Documents\Visual Studio 2010\Projects\WinlogM232FastDiag\WinlogM232FastDiag\Release\link-cvtres.write.1.tlog
C:\Documents and Settings\Administrator\My Documents\Visual Studio 2010\Projects\WinlogM232FastDiag\WinlogM232FastDiag\Release\mt.command.1.tlog
C:\Documents and Settings\Administrator\My Documents\Visual Studio 2010\Projects\WinlogM232FastDiag\WinlogM232FastDiag\Release\mt.read.1.tlog
C:\Documents and Settings\Administrator\My Documents\Visual Studio 2010\Projects\WinlogM232FastDiag\WinlogM232FastDiag\Release\mt.write.1.tlog
C:\Documents and Settings\Administrator\My Documents\Visual Studio 2010\Projects\WinlogM232FastDiag\WinlogM232FastDiag\Release\rc.command.1.tlog
C:\Documents and Settings\Administrator\My Documents\Visual Studio 2010\Projects\WinlogM232FastDiag\WinlogM232FastDiag\Release\rc.read.1.tlog
C:\Documents and Settings\Administrator\My Documents\Visual Studio 2010\Projects\WinlogM232FastDiag\WinlogM232FastDiag\Release\rc.write.1.tlog
C:\DOCUMENTS AND SETTINGS\ADMINISTRATOR\MY DOCUMENTS\VISUAL STUDIO 2010\PROJECTS\WINLOGM232FASTDIAG\WINLOGM232FASTDIAG\RELEASE\VC100.PDB
C:\DOCUMENTS AND SETTINGS\ADMINISTRATOR\MY DOCUMENTS\VISUAL STUDIO 2010\PROJECTS\WINLOGM232FASTDIAG\WINLOGM232FASTDIAG\RELEASE\WINLOGDRIVER.OBJ
C:\DOCUMENTS AND SETTINGS\ADMINISTRATOR\MY DOCUMENTS\VISUAL STUDIO 2010\PROJECTS\WINLOGM232FASTDIAG\WINLOGM232FASTDIAG\RELEASE\WINLOGDRIVER.RES
C:\DOCUMENTS AND SETTINGS\ADMINISTRATOR\MY DOCUMENTS\VISUAL STUDIO 2010\PROJECTS\WINLOGM232FASTDIAG\WINLOGM232FASTDIAG\RELEASE\WINLOGM232FASTDIAG.DLL.INTERMEDIATE.MANIFEST
C:\Documents and Settings\Administrator\My Documents\Visual Studio 2010\Projects\WinlogM232FastDiag\WinlogM232FastDiag\Release\WinlogM232FastDiag.write.1.tlog
